[2019-05-13 11:05:01] [C:\wamp64\www\luciano\app-lib.php] [warning] Error!
[2019-05-13 11:05:33] [C:\wamp64\www\luciano\app-lib.php] [warning] Error!
[2019-05-13 11:05:33] [C:\wamp64\www\luciano\app-lib.php] [warning] Error!
[2019-05-13 11:05:10] [C:\wamp64\www\luciano\app-lib.php] [warning] Error!
[2019-05-13 11:05:10] [C:\wamp64\www\luciano\app-lib.php] [warning] Error!
[2019-05-13 11:05:40] [C:\wamp64\www\luciano\app-lib.php] [warning] [] Error!
[2019-05-13 11:05:22] [C:\wamp64\www\luciano\app-lib.php] [warning] [] Error!
[2019-05-13 11:05:43] [C:\wamp64\www\luciano\app-lib.php] [warning]  Error!
[2019-05-13 11:05:48] [C:\wamp64\www\luciano\app-lib.php] [warning]  Error!
[2019-05-27 09:05:52] [C:\wamp64\www\luciano\app-lib.php] [warning]  Error!
[2019-07-15 02:07:13] [C:\wamp64\www\luciano\app-lib.php] [warning]  Error!
[2019-07-22 01:07:30] [C:\wamp64\www\luciano\app-lib.php] [warning]  Error!
[2019-08-26 09:08:16] [C:\wamp64\www\luciano\app-lib.php] [warning]  Error!
[1970-01-01 10:01:00] [C:\wamp64\www\luciano\app-lib.php] [warning]  Error!
[2019-08-26 09:08:47] [C:\wamp64\www\luciano\app-lib.php] [warning]  Error!
[2019-08-26 09:08:25] [C:\wamp64\www\luciano\app-lib.php] [warning]  Error!
[2019-08-26 09:08:03] [::1] [C:\wamp64\www\luciano\app-lib.php] [warning]  Error!
[2019-08-26 09:08:16] [::1] [logs/ip-address-mainsite.html] [/luciano/login.php] [C:\wamp64\www\luciano\app-lib.php] [warning]  Error!
[2019-08-26 09:08:55] [26/08/2019 09:40:55] [::1] [/luciano/login.php] [C:\wamp64\www\luciano\app-lib.php] [warning]  Error!
[26/08/2019 09:41:42] [::1] [/luciano/login.php] [C:\wamp64\www\luciano\app-lib.php] [warning]  Error!
[26/08/2019 09:43:38] [Mozilla/5.0 (Windows NT 10.0; Win64; x64) AppleWebKit/537.36 (KHTML, like Gecko) Chrome/76.0.3809.100 Safari/537.36] [::1] [/luciano/login.php] [C:\wamp64\www\luciano\app-lib.php] [warning]  Error!
[26/08/2019 09:50:07] [::1] [/luciano/login.php] [C:\wamp64\www\luciano\app-lib.php] [warning]  Error!
[26/08/2019 09:54:44] [] [::1] [/luciano/login.php] [C:\wamp64\www\luciano\app-lib.php] [warning]  Error!
[26/08/2019 09:55:04] [::1] [/luciano/login.php] [C:\wamp64\www\luciano\app-lib.php] [warning]  Error!
[26/08/2019 09:57:50] [::1] [/luciano/login.php] [C:\wamp64\www\luciano\app-lib.php] [warning]  Error!
[26/08/2019 09:58:16] [::1] [/luciano/login.php] [C:\wamp64\www\luciano\app-lib.php] [warning]  Error!
[26/08/2019 10:16:27] [::1] [/luciano/login.php] [C:\wamp64\www\luciano\app-lib.php] [warning]  Error!
[02/09/2019 09:25:37] [::1] [/luciano/login.php] [C:\wamp64\www\luciano\app-lib.php] [warning]  Error!
[02/09/2019 09:25:44] [::1] [/luciano/login.php] [C:\wamp64\www\luciano\app-lib.php] [warning]  Error!
